<?xml version="1.0" encoding="UTF-8"?>
<!-- Generated by org.testng.reporters.JUnitReportReporter -->
<testsuite hostname="QT-INBG-LT-0292" failures="0" tests="8" name="MobileWorld.MainClass" time="29.432" errors="0" timestamp="2022-07-24T11:55:28 IST" skipped="4">
  <testcase classname="MobileWorld.MainClass" name="login" time="6.961"/>
  <system-out/>
  <testcase classname="MobileWorld.MainClass" name="login" time="8.458"/>
  <system-out/>
  <testcase classname="MobileWorld.MainClass" name="login" time="7.031"/>
  <system-out/>
  <testcase classname="MobileWorld.MainClass" name="login" time="6.982"/>
  <system-out/>
  <testcase classname="MobileWorld.MainClass" name="mobileorder">
    <skipped/>
  </testcase> <!-- mobileorder -->
  <system-out/>
  <testcase classname="MobileWorld.MainClass" name="homePage">
    <skipped/>
  </testcase> <!-- homePage -->
  <system-out/>
  <testcase classname="MobileWorld.MainClass" name="contact">
    <skipped/>
  </testcase> <!-- contact -->
  <system-out/>
  <testcase classname="MobileWorld.MainClass" name="main">
    <skipped/>
  </testcase> <!-- main -->
  <system-out/>
</testsuite> <!-- MobileWorld.MainClass -->
